<?xml version="1.0" encoding="UTF-8"?>
<Site BuildName="Linux-clang++-13.0.0"
	BuildStamp="20220202-0057-Experimental"
	Name="localhost.localdomain"
	Generator="ctest-3.22.2"
	CompilerName="/bin/clang++-13.0.0"
	CompilerVersion="13.0.0"
	OSName="Linux"
	Hostname="localhost.localdomain"
	OSRelease="5.16.2-1-default"
	OSVersion="#1 SMP PREEMPT Mon Jan 24 18:27:48 UTC 2022 (0d710a8)"
	OSPlatform="x86_64"
	Is64Bits="1"
	VendorString="GenuineIntel"
	VendorID="Intel Corporation"
	FamilyID="6"
	ModelID="142"
	ProcessorCacheSize="8192"
	NumberOfLogicalCPU="8"
	NumberOfPhysicalCPU="4"
	TotalVirtualMemory="2048"
	TotalPhysicalMemory="15683"
	LogicalProcessorsPerPhysical="2"
	ProcessorClockFrequency="2362.08"
	>
	<Testing>
		<StartDateTime>Feb 02 01:57 CET</StartDateTime>
		<StartTestTime>1643763427</StartTestTime>
		<TestList/>
		<EndDateTime>Feb 02 01:57 CET</EndDateTime>
		<EndTestTime>1643763427</EndTestTime>
		<ElapsedMinutes>0</ElapsedMinutes>
	</Testing>
</Site>
